Using pre-set license

 COMMAND LINE ARGUMENTS:
/Users/rizqynugroho9/Documents/Unity/2020.3.2f1/Unity.app/Contents/MacOS/Unity
-adb2
-batchMode
-noUpm
-name
AssetImportWorker0
-projectPath
/Users/rizqynugroho9/multiplayer/peplayonunity/Peplayon_clone_1
-logFile
Logs/AssetImportWorker0.log
-srvPort
59909
Successfully changed project path to: /Users/rizqynugroho9/multiplayer/peplayonunity/Peplayon_clone_1
/Users/rizqynugroho9/multiplayer/peplayonunity/Peplayon_clone_1
Using Asset Import Pipeline V2.
Refreshing native plugins compatible for Editor in 453.77 ms, found 1 plugins.
Preloading 0 native plugins for Editor in 0.00 ms.
Initialize engine version: 2020.3.2f1 (8fd9074bf66c)
[Subsystems] Discovering subsystems at path /Users/rizqynugroho9/Documents/Unity/2020.3.2f1/Unity.app/Contents/Resources/UnitySubsystems
[Subsystems] Discovering subsystems at path /Users/rizqynugroho9/multiplayer/peplayonunity/Peplayon_clone_1/Assets
GfxDevice: creating device client; threaded=0
2021-06-22 16:48:17.083 Unity[3311:2972229] VX2481-mh preferred device: Intel(R) Iris(TM) Graphics 6100 (low power)
2021-06-22 16:48:17.083 Unity[3311:2972229] Metal devices available: 1
2021-06-22 16:48:17.083 Unity[3311:2972229] 0: Intel(R) Iris(TM) Graphics 6100 (low power)
2021-06-22 16:48:17.092 Unity[3311:2972229] Using device Intel(R) Iris(TM) Graphics 6100 (low power)
Initializing Metal device caps: Intel(R) Iris(TM) Graphics 6100
Shader 'Universal Render Pipeline/Particles/Lit': fallback shader 'Universal Render Pipeline/Particles/SimpleLit' not found
Initialize mono
Mono path[0] = '/Users/rizqynugroho9/Documents/Unity/2020.3.2f1/Unity.app/Contents/Managed'
Mono path[1] = '/Users/rizqynugroho9/Documents/Unity/2020.3.2f1/Unity.app/Contents/MonoBleedingEdge/lib/mono/unityjit'
Mono config path = '/Users/rizqynugroho9/Documents/Unity/2020.3.2f1/Unity.app/Contents/MonoBleedingEdge/etc'
Using monoOptions --debugger-agent=transport=dt_socket,embedding=1,server=y,suspend=n,address=127.0.0.1:56311
Begin MonoManager ReloadAssembly
Registering precompiled unity dll's ...
Register platform support module: /Users/rizqynugroho9/Documents/Unity/2020.3.2f1/Unity.app/Contents/PlaybackEngines/MacStandaloneSupport/UnityEditor.OSXStandalone.Extensions.dll
Register platform support module: /Users/rizqynugroho9/Documents/Unity/2020.3.2f1/PlaybackEngines/WindowsStandaloneSupport/UnityEditor.WindowsStandalone.Extensions.dll
Register platform support module: /Users/rizqynugroho9/Documents/Unity/2020.3.2f1/PlaybackEngines/LinuxStandaloneSupport/UnityEditor.LinuxStandalone.Extensions.dll
Registered in 0.001059 seconds.
Native extension for LinuxStandalone target not found
Native extension for WindowsStandalone target not found
Native extension for OSXStandalone target not found
Refreshing native plugins compatible for Editor in 243.88 ms, found 1 plugins.
Preloading 0 native plugins for Editor in 0.00 ms.
Invoked RoslynAnalysisRunner static constructor.
RoslynAnalysisRunner will not be running.
RoslynAnalysisRunner has terminated.
Mono: successfully reloaded assembly
- Completed reload, in  8.988 seconds
Platform modules already initialized, skipping
Registering precompiled user dll's ...
Registered in 0.038807 seconds.
Begin MonoManager ReloadAssembly
Native extension for LinuxStandalone target not found
Native extension for WindowsStandalone target not found
Native extension for OSXStandalone target not found
Refreshing native plugins compatible for Editor in 81.01 ms, found 1 plugins.
Preloading 0 native plugins for Editor in 0.00 ms.
Invoked RoslynAnalysisRunner static constructor.
RoslynAnalysisRunner will not be running.
RoslynAnalysisRunner has terminated.
Find all reader and writers took 131 milliseconds
Script Module: UnityEngine.UI.dll
Weave behaviours and messages took93 milliseconds
Find all reader and writers took 56 milliseconds
Script Module: Unity.RenderPipelines.Core.Runtime.dll
Weave behaviours and messages took60 milliseconds
Find all reader and writers took 59 milliseconds
Script Module: UnityEngine.TestRunner.dll
Weave behaviours and messages took33 milliseconds
Find all reader and writers took 58 milliseconds
Script Module: Unity.Mathematics.dll
Weave behaviours and messages took193 milliseconds
Find all reader and writers took 39 milliseconds
Script Module: SimpleWebTransport.dll
Weave behaviours and messages took6 milliseconds
Find all reader and writers took 45 milliseconds
Script Module: Unity.Timeline.dll
Weave behaviours and messages took26 milliseconds
Find all reader and writers took 116 milliseconds
Script Module: Unity.RenderPipelines.Universal.Runtime.dll
Weave behaviours and messages took61 milliseconds
Find all reader and writers took 66 milliseconds
Script Module: Unity.TextMeshPro.dll
Weave behaviours and messages took77 milliseconds
Find all reader and writers took 46 milliseconds
Script Module: Telepathy.dll
Weave behaviours and messages took6 milliseconds
Find all reader and writers took 38 milliseconds
Script Module: kcp2k.dll
Weave behaviours and messages took3 milliseconds
Find all reader and writers took 52 milliseconds
Script Module: Mirror.Examples.Cloud.GUI.dll
Weave behaviours and messages took3 milliseconds
Find all reader and writers took 51 milliseconds
Script Module: Mirror.Cloud.dll
Weave behaviours and messages took3 milliseconds
Find all reader and writers took 55 milliseconds
Script Module: Unity.RenderPipelines.Core.ShaderLibrary.dll
Weave behaviours and messages took0 milliseconds
Find all reader and writers took 54 milliseconds
Script Module: Unity.RenderPipelines.Universal.Shaders.dll
Weave behaviours and messages took0 milliseconds
Find all reader and writers took 62 milliseconds
Script Module: Unity.RenderPipelines.ShaderGraph.ShaderGraphLibrary.dll
Weave behaviours and messages took0 milliseconds
Find all reader and writers took 55 milliseconds
Script Module: Unity.RenderPipeline.Universal.ShaderLibrary.dll
Weave behaviours and messages took0 milliseconds
Find all reader and writers took 100 milliseconds
Script Module: UnityEditor.TestRunner.dll
Weave behaviours and messages took56 milliseconds
Find all reader and writers took 92 milliseconds
Script Module: UnityEditor.UI.dll
Weave behaviours and messages took22 milliseconds
Find all reader and writers took 59 milliseconds
Script Module: Unity.ShaderGraph.Utilities.dll
Weave behaviours and messages took0 milliseconds
Find all reader and writers took 84 milliseconds
Script Module: ParrelSync.dll
Weave behaviours and messages took3 milliseconds
Find all reader and writers took 52 milliseconds
Script Module: Mirror.CompilerSymbols.dll
Weave behaviours and messages took0 milliseconds
Mono: successfully reloaded assembly
- Completed reload, in  6.132 seconds
Platform modules already initialized, skipping
========================================================================
Worker process is ready to serve import requests
Shader 'Universal Render Pipeline/Particles/Lit': fallback shader 'Universal Render Pipeline/Particles/SimpleLit' not found
Launching external process: /Users/rizqynugroho9/Documents/Unity/2020.3.2f1/Unity.app/Contents/Tools/UnityShaderCompiler
Launched and connected shader compiler UnityShaderCompiler after 0.02 seconds
Refreshing native plugins compatible for Editor in 5.47 ms, found 1 plugins.
Preloading 0 native plugins for Editor in 0.00 ms.
Unloading 2823 Unused Serialized files (Serialized files now loaded: 0)
System memory in use before: 199.7 MB.
System memory in use after: 199.9 MB.

Unloading 15 unused Assets to reduce memory usage. Loaded Objects now: 3260.
Total: 29.734530 ms (FindLiveObjects: 6.841111 ms CreateObjectMapping: 1.170094 ms MarkObjects: 21.555956 ms  DeleteObjects: 0.155565 ms)

========================================================================
Received Import Request.
  path: Assets/Unused/Readme.asset
  artifactKey: Guid(83c2ed844a8c74b779a4c823d16594b1) Importer(815301076,1909f56bfc062723c751e8b465ee728b)
Start importing Assets/Unused/Readme.asset using Guid(83c2ed844a8c74b779a4c823d16594b1) Importer(815301076,1909f56bfc062723c751e8b465ee728b)  -> (artifact id: '76da366aee205517589073b18f08326b') in 1.135480 seconds
  Import took 1.163754 seconds .

========================================================================
Received Import Request.
  Time since last request: 32.464814 seconds.
  path: Assets/Peplayon
  artifactKey: Guid(eaaffc1d1fda1fc44bdeb736a1bbf244) Importer(815301076,1909f56bfc062723c751e8b465ee728b)
Start importing Assets/Peplayon using Guid(eaaffc1d1fda1fc44bdeb736a1bbf244) Importer(815301076,1909f56bfc062723c751e8b465ee728b)  -> (artifact id: '9bbef1f9c86dd1618b6b4d681a88211d') in 0.001575 seconds
  Import took 0.008932 seconds .

========================================================================
Received Import Request.
  Time since last request: 0.011922 seconds.
  path: Assets/Peplayon
  artifactKey: Guid(eaaffc1d1fda1fc44bdeb736a1bbf244) Importer(815301076,1909f56bfc062723c751e8b465ee728b)
Start importing Assets/Peplayon using Guid(eaaffc1d1fda1fc44bdeb736a1bbf244) Importer(815301076,1909f56bfc062723c751e8b465ee728b)  -> (artifact id: '9bbef1f9c86dd1618b6b4d681a88211d') in 0.001740 seconds
  Import took 0.017123 seconds .

========================================================================
Received Import Request.
  Time since last request: 0.110959 seconds.
  path: Assets/Peplayon/Karakter 4 2.fbx
  artifactKey: Guid(93cff2d5713df2d4fb34f1ef38cb40b5) Importer(815301076,1909f56bfc062723c751e8b465ee728b)
Start importing Assets/Peplayon/Karakter 4 2.fbx using Guid(93cff2d5713df2d4fb34f1ef38cb40b5) Importer(815301076,1909f56bfc062723c751e8b465ee728b)  -> (artifact id: '0ed5fde1b5bd3e9e4eedd44a46450795') in 2.599118 seconds
  Import took 2.612440 seconds .

========================================================================
Received Import Request.
  Time since last request: 0.001141 seconds.
  path: Assets/Peplayon/Scene
  artifactKey: Guid(f6180d58fa85bbe4f9536beb15a3c833) Importer(815301076,1909f56bfc062723c751e8b465ee728b)
Start importing Assets/Peplayon/Scene using Guid(f6180d58fa85bbe4f9536beb15a3c833) Importer(815301076,1909f56bfc062723c751e8b465ee728b)  -> (artifact id: 'dd2eebde8a75fbee2e4a12ed6ae8b1de') in 0.002214 seconds
  Import took 0.009146 seconds .

========================================================================
Received Import Request.
  Time since last request: 0.000343 seconds.
  path: Assets/Peplayon/Scene/MainMenu.unity
  artifactKey: Guid(e8baf7afbd318334dbdc2e1d5d0bde91) Importer(815301076,1909f56bfc062723c751e8b465ee728b)
Start importing Assets/Peplayon/Scene/MainMenu.unity using Guid(e8baf7afbd318334dbdc2e1d5d0bde91) Importer(815301076,1909f56bfc062723c751e8b465ee728b)  -> (artifact id: 'eb4f0c4494a73bca1737e4b771f5010f') in 0.004163 seconds
  Import took 0.014124 seconds .

========================================================================
Received Prepare
Registering precompiled user dll's ...
Registered in 0.005172 seconds.
Begin MonoManager ReloadAssembly
Native extension for LinuxStandalone target not found
Native extension for WindowsStandalone target not found
Native extension for OSXStandalone target not found
Refreshing native plugins compatible for Editor in 1.80 ms, found 1 plugins.
Preloading 0 native plugins for Editor in 0.00 ms.
Invoked RoslynAnalysisRunner static constructor.
RoslynAnalysisRunner will not be running.
RoslynAnalysisRunner has terminated.
Mono: successfully reloaded assembly
- Completed reload, in  2.958 seconds
Platform modules already initialized, skipping
Shader 'Universal Render Pipeline/Particles/Lit': fallback shader 'Universal Render Pipeline/Particles/SimpleLit' not found
Refreshing native plugins compatible for Editor in 1.72 ms, found 1 plugins.
Preloading 0 native plugins for Editor in 0.00 ms.
Unloading 2700 Unused Serialized files (Serialized files now loaded: 0)
System memory in use before: 204.3 MB.
System memory in use after: 204.5 MB.

Unloading 10 unused Assets to reduce memory usage. Loaded Objects now: 3344.
Total: 81.038774 ms (FindLiveObjects: 0.973766 ms CreateObjectMapping: 0.351526 ms MarkObjects: 78.561915 ms  DeleteObjects: 1.147986 ms)

